[INFO ]2023-11-30 14:07:11.780 [main]Utils-Openeing fireefox browser
[INFO ]2023-11-30 14:07:11.793 [main]Utils-Openeing Chrome browser
[INFO ]2023-11-30 14:08:53.044 [main]Utils-Openeing fireefox browser
[INFO ]2023-11-30 14:08:53.052 [main]Utils-Openeing Chrome browser
[INFO ]2023-11-30 15:58:17.308 [main]Utils-Openeing fireefox browser
[INFO ]2023-11-30 15:58:17.321 [main]Utils-Openeing Chrome browser
[INFO ]2023-11-30 16:04:28.456 [main]Utils-Openeing fireefox browser
[INFO ]2023-11-30 16:04:28.469 [main]Utils-Openeing Chrome browser
[INFO ]2023-11-30 16:07:21.272 [main]Utils-Openeing fireefox browser
[INFO ]2023-11-30 16:07:21.281 [main]Utils-Openeing Chrome browser
[INFO ]2023-11-30 16:09:31.749 [main]Utils-Openeing fireefox browser
[INFO ]2023-11-30 16:09:31.759 [main]Utils-Openeing Chrome browser
[INFO ]2023-11-30 16:12:55.380 [main]Utils-Openeing fireefox browser
[INFO ]2023-11-30 16:12:55.395 [main]Utils-Openeing Chrome browser
[INFO ]2023-11-30 16:14:01.593 [main]Utils-Openeing fireefox browser
[INFO ]2023-11-30 16:14:01.606 [main]Utils-Openeing Chrome browser
[INFO ]2023-11-30 16:19:09.035 [main]Utils-Openeing fireefox browser
[INFO ]2023-11-30 16:19:09.048 [main]Utils-Openeing Chrome browser
[INFO ]2023-11-30 16:23:53.437 [main]Utils-Openeing fireefox browser
[INFO ]2023-11-30 16:23:53.449 [main]Utils-Openeing Chrome browser
[INFO ]2023-11-30 16:27:59.134 [main]Utils-Openeing fireefox browser
[INFO ]2023-11-30 16:27:59.152 [main]Utils-Openeing Chrome browser
[INFO ]2023-11-30 16:37:08.832 [main]Utils-Openeing fireefox browser
[INFO ]2023-11-30 16:37:08.841 [main]Utils-Openeing Chrome browser
[INFO ]2023-11-30 16:43:23.884 [main]Utils-Openeing fireefox browser
[INFO ]2023-11-30 16:43:23.895 [main]Utils-Openeing Chrome browser
[INFO ]2023-11-30 16:50:27.652 [main]Utils-Openeing fireefox browser
[INFO ]2023-11-30 16:50:27.668 [main]Utils-Openeing Chrome browser
[INFO ]2023-11-30 17:03:58.562 [main]Utils-Openeing fireefox browser
[INFO ]2023-11-30 17:03:58.596 [main]Utils-Openeing Chrome browser
[INFO ]2023-11-30 17:06:03.294 [main]Utils-Openeing fireefox browser
[INFO ]2023-11-30 17:06:03.305 [main]Utils-Openeing Chrome browser
[INFO ]2023-11-30 17:09:21.633 [main]Utils-Openeing fireefox browser
[INFO ]2023-11-30 17:09:21.645 [main]Utils-Openeing Chrome browser
[INFO ]2023-11-30 17:11:38.917 [main]Utils-Openeing fireefox browser
[INFO ]2023-11-30 17:11:38.931 [main]Utils-Openeing Chrome browser
[INFO ]2023-11-30 17:18:34.954 [main]Utils-Openeing fireefox browser
[INFO ]2023-11-30 17:18:34.968 [main]Utils-Openeing Chrome browser
[INFO ]2023-11-30 17:20:01.764 [main]Utils-Openeing fireefox browser
[INFO ]2023-11-30 17:20:01.772 [main]Utils-Openeing Chrome browser
[INFO ]2023-11-30 18:01:09.039 [main]Utils-Openeing fireefox browser
[INFO ]2023-11-30 18:01:09.053 [main]Utils-Openeing Chrome browser
[INFO ]2023-11-30 18:01:20.475 [main]Utils-Openeing fireefox browser
[INFO ]2023-11-30 18:01:20.476 [main]Utils-Openeing Chrome browser
[INFO ]2023-11-30 21:48:14.550 [main]Utils-Openeing fireefox browser
[INFO ]2023-11-30 21:48:14.564 [main]Utils-Openeing Chrome browser
[INFO ]2023-11-30 21:50:33.333 [main]Utils-Openeing fireefox browser
[INFO ]2023-11-30 21:50:33.342 [main]Utils-Openeing Chrome browser
[INFO ]2023-11-30 22:31:02.283 [main]Utils-Openeing fireefox browser
[INFO ]2023-11-30 22:31:02.292 [main]Utils-Openeing Chrome browser
[INFO ]2023-11-30 22:32:25.242 [main]Utils-Openeing fireefox browser
[INFO ]2023-11-30 22:32:25.254 [main]Utils-Openeing Chrome browser
[INFO ]2023-11-30 22:36:45.632 [main]Utils-Openeing fireefox browser
[INFO ]2023-11-30 22:36:45.648 [main]Utils-Openeing Chrome browser
[INFO ]2023-11-30 22:38:16.585 [main]Utils-Openeing fireefox browser
[INFO ]2023-11-30 22:38:16.598 [main]Utils-Openeing Chrome browser
[INFO ]2023-11-30 22:54:18.324 [main]Utils-Openeing fireefox browser
[INFO ]2023-11-30 22:54:18.336 [main]Utils-Openeing Chrome browser
[INFO ]2023-11-30 23:05:12.827 [main]Utils-Openeing fireefox browser
[INFO ]2023-11-30 23:05:12.838 [main]Utils-Openeing Chrome browser
[INFO ]2023-11-30 23:10:39.023 [main]Utils-Openeing fireefox browser
[INFO ]2023-11-30 23:10:39.035 [main]Utils-Openeing Chrome browser
[INFO ]2023-12-01 16:54:37.769 [main]Utils-Openeing fireefox browser
[INFO ]2023-12-01 16:54:37.791 [main]Utils-Openeing Chrome browser
[INFO ]2023-12-01 17:07:24.655 [main]Utils-Openeing fireefox browser
[INFO ]2023-12-01 17:07:24.666 [main]Utils-Openeing Chrome browser
[INFO ]2023-12-01 17:13:47.699 [main]Utils-Openeing fireefox browser
[INFO ]2023-12-01 17:13:47.707 [main]Utils-Openeing Chrome browser
[INFO ]2023-12-01 17:38:36.879 [main]Utils-Openeing fireefox browser
[INFO ]2023-12-01 17:38:36.888 [main]Utils-Openeing Chrome browser
[INFO ]2023-12-01 17:40:47.305 [main]Utils-Openeing fireefox browser
[INFO ]2023-12-01 17:40:47.317 [main]Utils-Openeing Chrome browser
[INFO ]2023-12-01 17:41:20.661 [main]Utils-Openeing fireefox browser
[INFO ]2023-12-01 17:41:20.669 [main]Utils-Openeing Chrome browser
[INFO ]2023-12-01 18:02:42.141 [main]Utils-Openeing fireefox browser
[INFO ]2023-12-01 18:02:42.152 [main]Utils-Openeing Chrome browser
[INFO ]2023-12-01 18:02:54.597 [main]Utils-Openeing fireefox browser
[INFO ]2023-12-01 18:02:54.598 [main]Utils-Openeing Chrome browser
[INFO ]2023-12-01 18:05:15.181 [main]Utils-Openeing fireefox browser
[INFO ]2023-12-01 18:05:15.194 [main]Utils-Openeing Chrome browser
[INFO ]2023-12-01 18:05:25.153 [main]Utils-Openeing fireefox browser
[INFO ]2023-12-01 18:05:25.153 [main]Utils-Openeing Chrome browser
[INFO ]2023-12-01 18:06:59.850 [main]Utils-Openeing fireefox browser
[INFO ]2023-12-01 18:06:59.860 [main]Utils-Openeing Chrome browser
[INFO ]2023-12-01 18:08:31.007 [main]Utils-Openeing fireefox browser
[INFO ]2023-12-01 18:08:31.019 [main]Utils-Openeing Chrome browser
[INFO ]2023-12-01 18:10:05.446 [main]Utils-Openeing fireefox browser
[INFO ]2023-12-01 18:10:05.458 [main]Utils-Openeing Chrome browser
[INFO ]2023-12-01 18:12:25.707 [main]Utils-Openeing fireefox browser
[INFO ]2023-12-01 18:12:25.718 [main]Utils-Openeing Chrome browser
[INFO ]2023-12-01 18:17:22.513 [main]Utils-Openeing fireefox browser
[INFO ]2023-12-01 18:17:22.522 [main]Utils-Openeing Chrome browser
[INFO ]2023-12-01 18:17:31.628 [main]Utils-Openeing fireefox browser
[INFO ]2023-12-01 18:17:31.628 [main]Utils-Openeing Chrome browser
[INFO ]2023-12-01 18:18:18.074 [main]Utils-Openeing fireefox browser
[INFO ]2023-12-01 18:18:18.088 [main]Utils-Openeing Chrome browser
[INFO ]2023-12-01 18:18:26.650 [main]Utils-Openeing fireefox browser
[INFO ]2023-12-01 18:18:26.650 [main]Utils-Openeing Chrome browser
[INFO ]2023-12-01 18:23:00.779 [main]Utils-Openeing fireefox browser
[INFO ]2023-12-01 18:23:00.804 [main]Utils-Openeing Chrome browser
[INFO ]2023-12-01 18:24:46.614 [main]Utils-Openeing fireefox browser
[INFO ]2023-12-01 18:24:46.627 [main]Utils-Openeing Chrome browser
[INFO ]2023-12-01 18:25:35.153 [main]Utils-Openeing fireefox browser
[INFO ]2023-12-01 18:25:35.163 [main]Utils-Openeing Chrome browser
[INFO ]2023-12-05 16:32:02.659 [main]Utils-Openeing fireefox browser
[INFO ]2023-12-05 16:32:02.677 [main]Utils-Openeing Chrome browser
[INFO ]2023-12-05 16:36:25.467 [main]Utils-Openeing fireefox browser
[INFO ]2023-12-05 16:36:25.481 [main]Utils-Openeing Chrome browser
[INFO ]2023-12-05 16:36:37.471 [main]Utils-Openeing fireefox browser
[INFO ]2023-12-05 16:36:37.471 [main]Utils-Openeing Chrome browser
[INFO ]2023-12-05 16:41:03.987 [main]Utils-Openeing fireefox browser
[INFO ]2023-12-05 16:41:03.995 [main]Utils-Openeing Chrome browser
[INFO ]2023-12-05 16:41:12.501 [main]Utils-Openeing fireefox browser
[INFO ]2023-12-05 16:41:12.501 [main]Utils-Openeing Chrome browser
[INFO ]2023-12-05 16:44:32.419 [main]Utils-Openeing fireefox browser
[INFO ]2023-12-05 16:44:32.431 [main]Utils-Openeing Chrome browser
[INFO ]2023-12-05 16:44:42.913 [main]Utils-Openeing fireefox browser
[INFO ]2023-12-05 16:44:42.913 [main]Utils-Openeing Chrome browser
[INFO ]2023-12-05 16:46:02.904 [main]Utils-Openeing fireefox browser
[INFO ]2023-12-05 16:46:02.917 [main]Utils-Openeing Chrome browser
[INFO ]2023-12-05 16:46:12.418 [main]Utils-Openeing fireefox browser
[INFO ]2023-12-05 16:46:12.418 [main]Utils-Openeing Chrome browser
[INFO ]2023-12-05 16:48:24.906 [main]Utils-Openeing fireefox browser
[INFO ]2023-12-05 16:48:24.922 [main]Utils-Openeing Chrome browser
[INFO ]2023-12-05 16:48:34.185 [main]Utils-Openeing fireefox browser
[INFO ]2023-12-05 16:48:34.185 [main]Utils-Openeing Chrome browser
[INFO ]2023-12-05 16:55:51.549 [main]Utils-Openeing fireefox browser
[INFO ]2023-12-05 16:55:51.558 [main]Utils-Openeing Chrome browser
[INFO ]2023-12-05 16:56:02.605 [main]Utils-Openeing fireefox browser
[INFO ]2023-12-05 16:56:02.605 [main]Utils-Openeing Chrome browser
[INFO ]2023-12-05 16:57:24.365 [main]Utils-Openeing fireefox browser
[INFO ]2023-12-05 16:57:24.377 [main]Utils-Openeing Chrome browser
[INFO ]2023-12-05 16:58:13.090 [main]Utils-Openeing fireefox browser
[INFO ]2023-12-05 16:58:13.101 [main]Utils-Openeing Chrome browser
[INFO ]2023-12-05 16:58:46.894 [main]Utils-Openeing fireefox browser
[INFO ]2023-12-05 16:58:46.908 [main]Utils-Openeing Chrome browser
[INFO ]2023-12-05 16:59:11.813 [main]Utils-Openeing fireefox browser
[INFO ]2023-12-05 16:59:11.827 [main]Utils-Openeing Chrome browser
[INFO ]2023-12-05 17:06:55.239 [main]Utils-Openeing fireefox browser
[INFO ]2023-12-05 17:06:55.247 [main]Utils-Openeing Chrome browser
[INFO ]2023-12-05 18:18:51.859 [main]Utils-Openeing fireefox browser
[INFO ]2023-12-05 18:18:51.873 [main]Utils-Openeing Chrome browser
[INFO ]2023-12-05 18:19:13.281 [main]Utils-Openeing fireefox browser
[INFO ]2023-12-05 18:19:13.291 [main]Utils-Openeing Chrome browser
[INFO ]2023-12-05 18:19:27.142 [main]Utils-Openeing fireefox browser
[INFO ]2023-12-05 18:19:27.143 [main]Utils-Openeing Chrome browser
[INFO ]2023-12-05 18:23:56.134 [main]Utils-Openeing fireefox browser
[INFO ]2023-12-05 18:23:56.147 [main]Utils-Openeing Chrome browser
[INFO ]2023-12-05 18:24:08.187 [main]Utils-Openeing fireefox browser
[INFO ]2023-12-05 18:24:08.187 [main]Utils-Openeing Chrome browser
[INFO ]2023-12-05 18:27:09.878 [main]Utils-Openeing fireefox browser
[INFO ]2023-12-05 18:27:09.896 [main]Utils-Openeing Chrome browser
[INFO ]2023-12-05 18:27:23.123 [main]Utils-Openeing fireefox browser
[INFO ]2023-12-05 18:27:23.126 [main]Utils-Openeing Chrome browser
[INFO ]2023-12-05 18:30:31.943 [main]Utils-Openeing fireefox browser
[INFO ]2023-12-05 18:30:31.957 [main]Utils-Openeing Chrome browser
[INFO ]2023-12-05 18:30:43.676 [main]Utils-Openeing fireefox browser
[INFO ]2023-12-05 18:30:43.677 [main]Utils-Openeing Chrome browser
[INFO ]2023-12-05 18:34:05.304 [main]Utils-Openeing fireefox browser
[INFO ]2023-12-05 18:34:05.312 [main]Utils-Openeing Chrome browser
[INFO ]2023-12-05 18:34:15.599 [main]Utils-Openeing fireefox browser
[INFO ]2023-12-05 18:34:15.600 [main]Utils-Openeing Chrome browser
[INFO ]2023-12-05 18:35:00.773 [main]Utils-Openeing fireefox browser
[INFO ]2023-12-05 18:35:00.786 [main]Utils-Openeing Chrome browser
[INFO ]2023-12-05 18:38:39.970 [main]Utils-Openeing fireefox browser
[INFO ]2023-12-05 18:38:39.980 [main]Utils-Openeing Chrome browser
[INFO ]2023-12-05 18:38:50.802 [main]Utils-Openeing fireefox browser
[INFO ]2023-12-05 18:38:50.802 [main]Utils-Openeing Chrome browser
[INFO ]2023-12-05 18:43:54.289 [main]Utils-Openeing fireefox browser
[INFO ]2023-12-05 18:43:54.299 [main]Utils-Openeing Chrome browser
[INFO ]2023-12-05 18:44:06.565 [main]Utils-Openeing fireefox browser
[INFO ]2023-12-05 18:44:06.566 [main]Utils-Openeing Chrome browser
[INFO ]2023-12-05 18:47:27.327 [main]Utils-Openeing fireefox browser
[INFO ]2023-12-05 18:47:27.337 [main]Utils-Openeing Chrome browser
[INFO ]2023-12-05 18:47:39.268 [main]Utils-Openeing fireefox browser
[INFO ]2023-12-05 18:47:39.269 [main]Utils-Openeing Chrome browser
[INFO ]2023-12-05 18:51:30.928 [main]Utils-Openeing fireefox browser
[INFO ]2023-12-05 18:51:30.939 [main]Utils-Openeing Chrome browser
[INFO ]2023-12-05 18:51:42.791 [main]Utils-Openeing fireefox browser
[INFO ]2023-12-05 18:51:42.791 [main]Utils-Openeing Chrome browser
[INFO ]2023-12-06 17:27:40.935 [main]Utils-Openeing fireefox browser
[INFO ]2023-12-06 17:27:40.945 [main]Utils-Openeing Chrome browser
[INFO ]2023-12-06 17:28:02.267 [main]Utils-Openeing fireefox browser
[INFO ]2023-12-06 17:28:02.267 [main]Utils-Openeing Chrome browser
[INFO ]2023-12-06 17:48:04.753 [main]Utils-Openeing fireefox browser
[INFO ]2023-12-06 17:48:04.764 [main]Utils-Openeing Chrome browser
[INFO ]2023-12-06 17:48:16.815 [main]Utils-Openeing fireefox browser
[INFO ]2023-12-06 17:48:16.815 [main]Utils-Openeing Chrome browser
[INFO ]2023-12-06 17:50:55.475 [main]Utils-Openeing fireefox browser
[INFO ]2023-12-06 17:50:55.483 [main]Utils-Openeing Chrome browser
[INFO ]2023-12-06 17:51:05.347 [main]Utils-Openeing fireefox browser
[INFO ]2023-12-06 17:51:05.348 [main]Utils-Openeing Chrome browser
[INFO ]2023-12-06 17:52:31.021 [main]Utils-Openeing fireefox browser
[INFO ]2023-12-06 17:52:31.031 [main]Utils-Openeing Chrome browser
[INFO ]2023-12-06 17:52:41.772 [main]Utils-Openeing fireefox browser
[INFO ]2023-12-06 17:52:41.772 [main]Utils-Openeing Chrome browser
[INFO ]2023-12-06 17:56:07.333 [main]Utils-Openeing fireefox browser
[INFO ]2023-12-06 17:56:07.341 [main]Utils-Openeing Chrome browser
[INFO ]2023-12-06 17:56:19.133 [main]Utils-Openeing fireefox browser
[INFO ]2023-12-06 17:56:19.134 [main]Utils-Openeing Chrome browser
[INFO ]2023-12-06 18:08:36.937 [main]Utils-Openeing fireefox browser
[INFO ]2023-12-06 18:08:36.947 [main]Utils-Openeing Chrome browser
[INFO ]2023-12-06 18:08:57.636 [main]Utils-Openeing fireefox browser
[INFO ]2023-12-06 18:08:57.636 [main]Utils-Openeing Chrome browser
[INFO ]2023-12-06 18:14:36.329 [main]Utils-Openeing fireefox browser
[INFO ]2023-12-06 18:14:36.339 [main]Utils-Openeing Chrome browser
[INFO ]2023-12-06 18:14:46.285 [main]Utils-Openeing fireefox browser
[INFO ]2023-12-06 18:14:46.286 [main]Utils-Openeing Chrome browser
[INFO ]2023-12-06 18:16:15.503 [main]Utils-Openeing fireefox browser
[INFO ]2023-12-06 18:16:15.513 [main]Utils-Openeing Chrome browser
[INFO ]2023-12-06 18:16:25.819 [main]Utils-Openeing fireefox browser
[INFO ]2023-12-06 18:16:25.819 [main]Utils-Openeing Chrome browser
[INFO ]2023-12-06 18:41:15.284 [main]Utils-Openeing fireefox browser
[INFO ]2023-12-06 18:41:15.297 [main]Utils-Openeing Chrome browser
[INFO ]2023-12-06 18:43:14.191 [main]Utils-Openeing fireefox browser
[INFO ]2023-12-06 18:43:14.201 [main]Utils-Openeing Chrome browser
[INFO ]2023-12-06 18:44:03.895 [main]Utils-Openeing fireefox browser
[INFO ]2023-12-06 18:44:03.907 [main]Utils-Openeing Chrome browser
[INFO ]2023-12-06 18:44:47.730 [main]Utils-Openeing fireefox browser
[INFO ]2023-12-06 18:44:47.741 [main]Utils-Openeing Chrome browser
[INFO ]2023-12-06 18:45:45.645 [main]Utils-Openeing fireefox browser
[INFO ]2023-12-06 18:45:45.654 [main]Utils-Openeing Chrome browser
[INFO ]2023-12-06 18:47:55.308 [main]Utils-Openeing fireefox browser
[INFO ]2023-12-06 18:47:55.317 [main]Utils-Openeing Chrome browser
[INFO ]2023-12-06 18:50:38.581 [main]Utils-Openeing fireefox browser
[INFO ]2023-12-06 18:50:38.592 [main]Utils-Openeing Chrome browser
[INFO ]2023-12-06 18:53:53.049 [main]Utils-Openeing fireefox browser
[INFO ]2023-12-06 18:53:53.063 [main]Utils-Openeing Chrome browser
[INFO ]2023-12-06 18:54:29.796 [main]Utils-Openeing fireefox browser
[INFO ]2023-12-06 18:54:29.806 [main]Utils-Openeing Chrome browser
[INFO ]2023-12-06 18:56:52.478 [main]Utils-Openeing fireefox browser
[INFO ]2023-12-06 18:56:52.488 [main]Utils-Openeing Chrome browser
[INFO ]2023-12-06 18:57:56.943 [main]Utils-Openeing fireefox browser
[INFO ]2023-12-06 18:57:56.952 [main]Utils-Openeing Chrome browser
[INFO ]2023-12-06 18:59:08.936 [main]Utils-Openeing fireefox browser
[INFO ]2023-12-06 18:59:08.947 [main]Utils-Openeing Chrome browser
[INFO ]2023-12-06 19:02:00.645 [main]Utils-Openeing fireefox browser
[INFO ]2023-12-06 19:02:00.659 [main]Utils-Openeing Chrome browser
[INFO ]2023-12-06 19:03:36.410 [main]Utils-Openeing fireefox browser
[INFO ]2023-12-06 19:03:36.421 [main]Utils-Openeing Chrome browser
[INFO ]2023-12-06 19:06:46.274 [main]Utils-Openeing fireefox browser
[INFO ]2023-12-06 19:06:46.286 [main]Utils-Openeing Chrome browser
[INFO ]2023-12-06 20:06:23.297 [main]Utils-Openeing fireefox browser
[INFO ]2023-12-06 20:06:23.310 [main]Utils-Openeing Chrome browser
[INFO ]2023-12-06 20:07:24.181 [main]Utils-Openeing fireefox browser
[INFO ]2023-12-06 20:07:24.189 [main]Utils-Openeing Chrome browser
[INFO ]2023-12-06 20:15:07.815 [main]Utils-Openeing fireefox browser
[INFO ]2023-12-06 20:15:07.824 [main]Utils-Openeing Chrome browser
[INFO ]2023-12-06 20:15:57.771 [main]Utils-Openeing fireefox browser
[INFO ]2023-12-06 20:15:57.780 [main]Utils-Openeing Chrome browser
[INFO ]2023-12-06 20:18:43.257 [main]Utils-Openeing fireefox browser
[INFO ]2023-12-06 20:18:43.269 [main]Utils-Openeing Chrome browser
[INFO ]2023-12-06 20:19:57.451 [main]Utils-Openeing fireefox browser
[INFO ]2023-12-06 20:19:57.460 [main]Utils-Openeing Chrome browser
[INFO ]2023-12-06 20:20:42.659 [main]Utils-Openeing fireefox browser
[INFO ]2023-12-06 20:20:42.672 [main]Utils-Openeing Chrome browser
[INFO ]2023-12-06 20:22:48.178 [main]Utils-Openeing fireefox browser
[INFO ]2023-12-06 20:22:48.187 [main]Utils-Openeing Chrome browser
[INFO ]2023-12-06 20:24:15.945 [main]Utils-Openeing fireefox browser
[INFO ]2023-12-06 20:24:15.963 [main]Utils-Openeing Chrome browser
[INFO ]2023-12-11 15:49:36.946 [TestNG-PoolService-0]Utils-Openeing fireefox browser
[INFO ]2023-12-11 15:49:36.956 [TestNG-PoolService-0]Utils-Openeing Chrome browser
[INFO ]2023-12-11 15:51:36.891 [TestNG-PoolService-0]Utils-Openeing fireefox browser
[INFO ]2023-12-11 15:51:36.902 [TestNG-PoolService-0]Utils-Openeing Chrome browser
[INFO ]2023-12-11 16:00:35.272 [TestNG-PoolService-0]Utils-Openeing fireefox browser
[INFO ]2023-12-11 16:00:35.281 [TestNG-PoolService-0]Utils-Openeing Chrome browser
[INFO ]2023-12-11 16:03:27.313 [TestNG-PoolService-0]Utils-Openeing fireefox browser
[INFO ]2023-12-11 16:03:27.323 [TestNG-PoolService-0]Utils-Openeing Chrome browser
[INFO ]2023-12-11 16:06:19.824 [TestNG-PoolService-0]Utils-Openeing fireefox browser
[INFO ]2023-12-11 16:06:19.832 [TestNG-PoolService-0]Utils-Openeing Chrome browser
[INFO ]2023-12-11 16:07:47.113 [TestNG-PoolService-1]Utils-Openeing fireefox browser
[INFO ]2023-12-11 16:07:47.113 [TestNG-PoolService-0]Utils-Openeing fireefox browser
[INFO ]2023-12-11 16:07:47.121 [TestNG-PoolService-1]Utils-Openeing Chrome browser
[INFO ]2023-12-11 16:07:47.121 [TestNG-PoolService-0]Utils-Openeing Chrome browser
[INFO ]2023-12-11 16:09:22.409 [TestNG-PoolService-1]Utils-Openeing fireefox browser
[INFO ]2023-12-11 16:09:22.409 [TestNG-PoolService-0]Utils-Openeing fireefox browser
[INFO ]2023-12-11 16:09:22.424 [TestNG-PoolService-1]Utils-Openeing Chrome browser
[INFO ]2023-12-11 16:09:22.424 [TestNG-PoolService-0]Utils-Openeing Chrome browser
[INFO ]2023-12-11 16:15:32.012 [TestNG-PoolService-1]Utils-Openeing fireefox browser
[INFO ]2023-12-11 16:15:32.012 [TestNG-PoolService-0]Utils-Openeing fireefox browser
[INFO ]2023-12-11 16:15:32.027 [TestNG-PoolService-1]Utils-Openeing Chrome browser
[INFO ]2023-12-11 16:15:32.027 [TestNG-PoolService-0]Utils-Openeing Chrome browser
[INFO ]2023-12-11 16:17:31.638 [main]Utils-Openeing fireefox browser
[INFO ]2023-12-11 16:17:31.646 [main]Utils-Openeing Chrome browser
[INFO ]2023-12-11 16:19:52.997 [main]Utils-Openeing fireefox browser
[INFO ]2023-12-11 16:19:53.005 [main]Utils-Openeing Chrome browser
[INFO ]2023-12-11 16:23:47.890 [main]Utils-Openeing fireefox browser
[INFO ]2023-12-11 16:23:47.899 [main]Utils-Openeing Chrome browser
[INFO ]2023-12-11 16:24:53.076 [main]Utils-Openeing fireefox browser
[INFO ]2023-12-11 16:24:53.084 [main]Utils-Openeing Chrome browser
[INFO ]2023-12-11 16:27:11.525 [TestNG-PoolService-1]Utils-Openeing fireefox browser
[INFO ]2023-12-11 16:27:11.525 [TestNG-PoolService-0]Utils-Openeing fireefox browser
[INFO ]2023-12-11 16:27:11.535 [TestNG-PoolService-1]Utils-Openeing Chrome browser
[INFO ]2023-12-11 16:27:11.535 [TestNG-PoolService-0]Utils-Openeing Chrome browser
[INFO ]2023-12-11 16:36:39.383 [TestNG-PoolService-1]Utils-Openeing fireefox browser
[INFO ]2023-12-11 16:36:39.383 [TestNG-PoolService-0]Utils-Openeing fireefox browser
[INFO ]2023-12-11 16:36:39.392 [TestNG-PoolService-1]Utils-Openeing Chrome browser
[INFO ]2023-12-11 16:36:39.392 [TestNG-PoolService-0]Utils-Openeing Chrome browser
[INFO ]2023-12-11 16:38:34.616 [TestNG-PoolService-0]Utils-Openeing fireefox browser
[INFO ]2023-12-11 16:38:34.624 [TestNG-PoolService-0]Utils-Openeing Chrome browser
[INFO ]2023-12-11 16:40:45.541 [main]Utils-Openeing fireefox browser
[INFO ]2023-12-11 16:40:45.554 [main]Utils-Openeing Chrome browser
[INFO ]2023-12-11 16:46:09.376 [TestNG-PoolService-0]Utils-Openeing fireefox browser
[INFO ]2023-12-11 16:46:09.388 [TestNG-PoolService-0]Utils-Openeing Chrome browser
[INFO ]2023-12-11 16:47:25.163 [main]Utils-Openeing fireefox browser
[INFO ]2023-12-11 16:47:25.174 [main]Utils-Openeing Chrome browser
[INFO ]2023-12-11 16:50:37.177 [main]Utils-Openeing fireefox browser
[INFO ]2023-12-11 16:50:37.190 [main]Utils-Openeing Chrome browser
[INFO ]2023-12-11 16:51:49.194 [main]Utils-Openeing fireefox browser
[INFO ]2023-12-11 16:51:49.207 [main]Utils-Openeing Chrome browser
[INFO ]2023-12-11 16:53:02.296 [main]Utils-Openeing fireefox browser
[INFO ]2023-12-11 16:53:02.308 [main]Utils-Openeing Chrome browser
[INFO ]2023-12-11 16:54:02.754 [TestNG-PoolService-0]Utils-Openeing fireefox browser
[INFO ]2023-12-11 16:54:02.763 [TestNG-PoolService-0]Utils-Openeing Chrome browser
[INFO ]2023-12-11 16:55:11.630 [TestNG-PoolService-0]Utils-Openeing fireefox browser
[INFO ]2023-12-11 16:55:11.640 [TestNG-PoolService-0]Utils-Openeing Chrome browser
[INFO ]2023-12-11 16:55:52.629 [main]Utils-Openeing fireefox browser
[INFO ]2023-12-11 16:55:52.636 [main]Utils-Openeing Chrome browser
[INFO ]2023-12-11 16:57:14.900 [main]Utils-Openeing fireefox browser
[INFO ]2023-12-11 16:57:14.909 [main]Utils-Openeing Chrome browser
[INFO ]2023-12-11 16:58:20.073 [main]Utils-Openeing fireefox browser
[INFO ]2023-12-11 16:58:20.080 [main]Utils-Openeing Chrome browser
[INFO ]2023-12-11 17:00:04.840 [main]Utils-Openeing fireefox browser
[INFO ]2023-12-11 17:00:04.852 [main]Utils-Openeing Chrome browser
[INFO ]2023-12-11 17:03:33.885 [main]Utils-Openeing fireefox browser
[INFO ]2023-12-11 17:03:33.894 [main]Utils-Openeing Chrome browser
[INFO ]2023-12-11 17:04:54.330 [main]Utils-Openeing fireefox browser
[INFO ]2023-12-11 17:04:54.340 [main]Utils-Openeing Chrome browser
[INFO ]2023-12-11 17:11:38.576 [main]Utils-Openeing fireefox browser
[INFO ]2023-12-11 17:11:38.587 [main]Utils-Openeing Chrome browser
[INFO ]2023-12-11 17:13:23.459 [main]Utils-Openeing fireefox browser
[INFO ]2023-12-11 17:13:23.468 [main]Utils-Openeing Chrome browser
[INFO ]2023-12-11 17:14:31.844 [TestNG-PoolService-1]Utils-Openeing fireefox browser
[INFO ]2023-12-11 17:14:31.844 [TestNG-PoolService-0]Utils-Openeing fireefox browser
[INFO ]2023-12-11 17:14:31.856 [TestNG-PoolService-1]Utils-Openeing Chrome browser
[INFO ]2023-12-11 17:14:31.856 [TestNG-PoolService-0]Utils-Openeing Chrome browser
[INFO ]2023-12-11 18:23:31.484 [main]Utils-Openeing fireefox browser
[INFO ]2023-12-11 18:23:31.494 [main]Utils-Openeing Chrome browser
[INFO ]2023-12-11 18:26:43.630 [main]Utils-Openeing fireefox browser
[INFO ]2023-12-11 18:26:43.642 [main]Utils-Openeing Chrome browser
[INFO ]2023-12-11 18:28:49.907 [main]Utils-Openeing fireefox browser
[INFO ]2023-12-11 18:28:49.916 [main]Utils-Openeing Chrome browser
[INFO ]2023-12-11 18:30:37.628 [main]Utils-Openeing fireefox browser
[INFO ]2023-12-11 18:30:37.644 [main]Utils-Openeing Chrome browser
[INFO ]2023-12-11 18:31:06.862 [main]Utils-Openeing fireefox browser
[INFO ]2023-12-11 18:31:06.873 [main]Utils-Openeing Chrome browser
[INFO ]2023-12-11 18:31:50.503 [main]Utils-Openeing fireefox browser
[INFO ]2023-12-11 18:31:50.514 [main]Utils-Openeing Chrome browser
[INFO ]2023-12-11 18:34:52.617 [main]Utils-Openeing fireefox browser
[INFO ]2023-12-11 18:34:52.630 [main]Utils-Openeing Chrome browser
[INFO ]2023-12-11 18:37:01.571 [main]Utils-Openeing fireefox browser
[INFO ]2023-12-11 18:37:01.583 [main]Utils-Openeing Chrome browser
[INFO ]2023-12-11 18:39:48.609 [main]Utils-Openeing fireefox browser
[INFO ]2023-12-11 18:39:48.618 [main]Utils-Openeing Chrome browser
[INFO ]2023-12-11 18:39:58.342 [main]Utils-Openeing fireefox browser
[INFO ]2023-12-11 18:39:58.342 [main]Utils-Openeing Chrome browser
[INFO ]2023-12-11 18:40:46.384 [main]Utils-Openeing fireefox browser
[INFO ]2023-12-11 18:40:46.393 [main]Utils-Openeing Chrome browser
[INFO ]2023-12-11 22:14:33.750 [main]Utils-Openeing fireefox browser
[INFO ]2023-12-11 22:14:33.759 [main]Utils-Openeing Chrome browser
[INFO ]2023-12-11 22:16:05.742 [main]Utils-Openeing fireefox browser
[INFO ]2023-12-11 22:16:05.749 [main]Utils-Openeing Chrome browser
[INFO ]2023-12-11 22:24:33.543 [main]Utils-Openeing fireefox browser
[INFO ]2023-12-11 22:24:33.554 [main]Utils-Openeing Chrome browser
[INFO ]2023-12-12 11:23:49.240 [main]Utils-Openeing fireefox browser
[INFO ]2023-12-12 11:23:49.249 [main]Utils-Openeing Chrome browser
[INFO ]2023-12-12 11:24:00.613 [main]Utils-Openeing fireefox browser
[INFO ]2023-12-12 11:24:00.613 [main]Utils-Openeing Chrome browser
[INFO ]2023-12-12 11:24:07.949 [main]Utils-Openeing fireefox browser
[INFO ]2023-12-12 11:24:07.950 [main]Utils-Openeing Chrome browser
[INFO ]2023-12-12 11:24:19.556 [main]Utils-Openeing fireefox browser
[INFO ]2023-12-12 11:24:19.557 [main]Utils-Openeing Chrome browser
[INFO ]2023-12-12 11:24:34.624 [main]Utils-Openeing fireefox browser
[INFO ]2023-12-12 11:24:34.624 [main]Utils-Openeing Chrome browser
[INFO ]2023-12-12 11:24:51.457 [main]Utils-Openeing fireefox browser
[INFO ]2023-12-12 11:24:51.458 [main]Utils-Openeing Chrome browser
[INFO ]2023-12-12 11:25:15.734 [main]Utils-Openeing fireefox browser
[INFO ]2023-12-12 11:25:15.734 [main]Utils-Openeing Chrome browser
[INFO ]2023-12-12 11:25:32.973 [main]Utils-Openeing fireefox browser
[INFO ]2023-12-12 11:25:32.974 [main]Utils-Openeing Chrome browser
[INFO ]2023-12-12 11:25:46.218 [main]Utils-Openeing fireefox browser
[INFO ]2023-12-12 11:25:46.218 [main]Utils-Openeing Chrome browser
[INFO ]2023-12-12 11:25:56.086 [main]Utils-Openeing fireefox browser
[INFO ]2023-12-12 11:25:56.086 [main]Utils-Openeing Chrome browser
[INFO ]2023-12-12 11:26:06.563 [main]Utils-Openeing fireefox browser
[INFO ]2023-12-12 11:26:06.564 [main]Utils-Openeing Chrome browser
[INFO ]2023-12-12 11:26:15.384 [main]Utils-Openeing fireefox browser
[INFO ]2023-12-12 11:26:15.384 [main]Utils-Openeing Chrome browser
[INFO ]2023-12-12 11:26:24.027 [main]Utils-Openeing fireefox browser
[INFO ]2023-12-12 11:26:24.027 [main]Utils-Openeing Chrome browser
[INFO ]2023-12-12 11:26:30.728 [main]Utils-Openeing fireefox browser
[INFO ]2023-12-12 11:26:30.728 [main]Utils-Openeing Chrome browser
[INFO ]2023-12-12 11:26:39.418 [main]Utils-Openeing fireefox browser
[INFO ]2023-12-12 11:26:39.419 [main]Utils-Openeing Chrome browser
[INFO ]2023-12-12 11:26:49.928 [main]Utils-Openeing fireefox browser
[INFO ]2023-12-12 11:26:49.928 [main]Utils-Openeing Chrome browser
[INFO ]2023-12-12 11:26:57.464 [main]Utils-Openeing fireefox browser
[INFO ]2023-12-12 11:26:57.464 [main]Utils-Openeing Chrome browser
[INFO ]2023-12-12 11:27:06.898 [main]Utils-Openeing fireefox browser
[INFO ]2023-12-12 11:27:06.898 [main]Utils-Openeing Chrome browser
[INFO ]2023-12-12 11:27:16.211 [main]Utils-Openeing fireefox browser
[INFO ]2023-12-12 11:27:16.211 [main]Utils-Openeing Chrome browser
[INFO ]2023-12-12 11:27:25.419 [main]Utils-Openeing fireefox browser
[INFO ]2023-12-12 11:27:25.421 [main]Utils-Openeing Chrome browser
[INFO ]2023-12-12 11:27:32.585 [main]Utils-Openeing fireefox browser
[INFO ]2023-12-12 11:27:32.585 [main]Utils-Openeing Chrome browser
[INFO ]2023-12-12 11:27:38.929 [main]Utils-Openeing fireefox browser
[INFO ]2023-12-12 11:27:38.929 [main]Utils-Openeing Chrome browser
[INFO ]2023-12-12 11:27:46.961 [main]Utils-Openeing fireefox browser
[INFO ]2023-12-12 11:27:46.966 [main]Utils-Openeing Chrome browser
[INFO ]2023-12-12 11:50:09.472 [main]Utils-Openeing fireefox browser
[INFO ]2023-12-12 11:50:09.483 [main]Utils-Openeing Chrome browser
[INFO ]2023-12-12 11:50:21.626 [main]Utils-Openeing fireefox browser
[INFO ]2023-12-12 11:50:21.627 [main]Utils-Openeing Chrome browser
[INFO ]2023-12-12 11:50:30.148 [main]Utils-Openeing fireefox browser
[INFO ]2023-12-12 11:50:30.148 [main]Utils-Openeing Chrome browser
[INFO ]2023-12-12 11:50:38.045 [main]Utils-Openeing fireefox browser
[INFO ]2023-12-12 11:50:38.045 [main]Utils-Openeing Chrome browser
[INFO ]2023-12-12 11:50:46.070 [main]Utils-Openeing fireefox browser
[INFO ]2023-12-12 11:50:46.070 [main]Utils-Openeing Chrome browser
[INFO ]2023-12-12 11:50:52.583 [main]Utils-Openeing fireefox browser
[INFO ]2023-12-12 11:50:52.583 [main]Utils-Openeing Chrome browser
[INFO ]2023-12-12 11:51:00.039 [main]Utils-Openeing fireefox browser
[INFO ]2023-12-12 11:51:00.039 [main]Utils-Openeing Chrome browser
[INFO ]2023-12-12 11:51:07.123 [main]Utils-Openeing fireefox browser
[INFO ]2023-12-12 11:51:07.123 [main]Utils-Openeing Chrome browser
[INFO ]2023-12-12 11:51:15.420 [main]Utils-Openeing fireefox browser
[INFO ]2023-12-12 11:51:15.421 [main]Utils-Openeing Chrome browser
[INFO ]2023-12-12 11:51:21.714 [main]Utils-Openeing fireefox browser
[INFO ]2023-12-12 11:51:21.715 [main]Utils-Openeing Chrome browser
[INFO ]2023-12-12 11:51:32.314 [main]Utils-Openeing fireefox browser
[INFO ]2023-12-12 11:51:32.314 [main]Utils-Openeing Chrome browser
[INFO ]2023-12-12 12:04:58.056 [main]Utils-Openeing fireefox browser
[INFO ]2023-12-12 12:04:58.071 [main]Utils-Openeing Chrome browser
[INFO ]2023-12-12 12:05:49.718 [main]Utils-Openeing fireefox browser
[INFO ]2023-12-12 12:05:49.728 [main]Utils-Openeing Chrome browser
[INFO ]2023-12-12 12:09:03.538 [main]Utils-Openeing fireefox browser
[INFO ]2023-12-12 12:09:03.546 [main]Utils-Openeing Chrome browser
[INFO ]2023-12-12 12:09:13.935 [main]Utils-Openeing fireefox browser
[INFO ]2023-12-12 12:09:13.935 [main]Utils-Openeing Chrome browser
[INFO ]2023-12-12 12:09:21.141 [main]Utils-Openeing fireefox browser
[INFO ]2023-12-12 12:09:21.141 [main]Utils-Openeing Chrome browser
[INFO ]2023-12-12 12:09:28.470 [main]Utils-Openeing fireefox browser
[INFO ]2023-12-12 12:09:28.471 [main]Utils-Openeing Chrome browser
[INFO ]2023-12-12 12:11:39.281 [main]Utils-Openeing fireefox browser
[INFO ]2023-12-12 12:11:39.281 [main]Utils-Openeing Chrome browser
[INFO ]2023-12-12 12:12:16.651 [main]Utils-Openeing fireefox browser
[INFO ]2023-12-12 12:12:16.651 [main]Utils-Openeing Chrome browser
[INFO ]2023-12-12 12:13:03.990 [main]Utils-Openeing fireefox browser
[INFO ]2023-12-12 12:13:03.991 [main]Utils-Openeing Chrome browser
[INFO ]2023-12-12 12:14:49.979 [main]Utils-Openeing fireefox browser
[INFO ]2023-12-12 12:14:49.989 [main]Utils-Openeing Chrome browser
[INFO ]2023-12-12 12:15:05.369 [main]Utils-Openeing fireefox browser
[INFO ]2023-12-12 12:15:05.369 [main]Utils-Openeing Chrome browser
[INFO ]2023-12-12 12:16:45.660 [main]Utils-Openeing fireefox browser
[INFO ]2023-12-12 12:16:45.672 [main]Utils-Openeing Chrome browser
[INFO ]2023-12-12 12:17:23.756 [main]Utils-Openeing fireefox browser
[INFO ]2023-12-12 12:17:23.757 [main]Utils-Openeing Chrome browser
[INFO ]2023-12-12 12:18:23.783 [main]Utils-Openeing fireefox browser
[INFO ]2023-12-12 12:18:23.790 [main]Utils-Openeing Chrome browser
[INFO ]2023-12-12 12:20:29.712 [main]Utils-Openeing fireefox browser
[INFO ]2023-12-12 12:20:29.720 [main]Utils-Openeing Chrome browser
[INFO ]2023-12-12 12:21:08.744 [main]Utils-Openeing fireefox browser
[INFO ]2023-12-12 12:21:08.744 [main]Utils-Openeing Chrome browser
[INFO ]2023-12-12 12:21:45.939 [main]Utils-Openeing fireefox browser
[INFO ]2023-12-12 12:21:45.939 [main]Utils-Openeing Chrome browser
[INFO ]2023-12-12 12:22:27.448 [main]Utils-Openeing fireefox browser
[INFO ]2023-12-12 12:22:27.462 [main]Utils-Openeing Chrome browser
[INFO ]2023-12-12 12:23:54.322 [main]Utils-Openeing fireefox browser
[INFO ]2023-12-12 12:23:54.330 [main]Utils-Openeing Chrome browser
[INFO ]2023-12-12 14:23:41.018 [main]Utils-Openeing fireefox browser
[INFO ]2023-12-12 14:23:41.027 [main]Utils-Openeing Chrome browser
[INFO ]2023-12-12 14:25:13.863 [main]Utils-Openeing fireefox browser
[INFO ]2023-12-12 14:25:13.872 [main]Utils-Openeing Chrome browser
[INFO ]2023-12-12 14:26:16.038 [main]Utils-Openeing fireefox browser
[INFO ]2023-12-12 14:26:16.038 [main]Utils-Openeing Chrome browser
[INFO ]2023-12-12 14:26:55.801 [main]Utils-Openeing fireefox browser
[INFO ]2023-12-12 14:26:55.801 [main]Utils-Openeing Chrome browser
[INFO ]2023-12-12 14:27:46.254 [main]Utils-Openeing fireefox browser
[INFO ]2023-12-12 14:27:46.254 [main]Utils-Openeing Chrome browser
[INFO ]2023-12-12 14:30:03.252 [main]Utils-Openeing fireefox browser
[INFO ]2023-12-12 14:30:03.253 [main]Utils-Openeing Chrome browser
[INFO ]2023-12-12 14:30:48.979 [main]Utils-Openeing fireefox browser
[INFO ]2023-12-12 14:30:48.979 [main]Utils-Openeing Chrome browser
[INFO ]2023-12-12 14:31:06.123 [main]Utils-Openeing fireefox browser
[INFO ]2023-12-12 14:31:06.123 [main]Utils-Openeing Chrome browser
[INFO ]2023-12-12 14:31:15.065 [main]Utils-Openeing fireefox browser
[INFO ]2023-12-12 14:31:15.066 [main]Utils-Openeing Chrome browser
[INFO ]2023-12-12 14:31:53.326 [main]Utils-Openeing fireefox browser
[INFO ]2023-12-12 14:31:53.327 [main]Utils-Openeing Chrome browser
[INFO ]2023-12-12 14:33:18.016 [main]Utils-Openeing fireefox browser
[INFO ]2023-12-12 14:33:18.016 [main]Utils-Openeing Chrome browser
[INFO ]2023-12-12 14:33:52.739 [main]Utils-Openeing fireefox browser
[INFO ]2023-12-12 14:33:52.740 [main]Utils-Openeing Chrome browser
[INFO ]2023-12-12 14:34:28.442 [main]Utils-Openeing fireefox browser
[INFO ]2023-12-12 14:34:28.442 [main]Utils-Openeing Chrome browser
[INFO ]2023-12-12 14:35:03.091 [main]Utils-Openeing fireefox browser
[INFO ]2023-12-12 14:35:03.091 [main]Utils-Openeing Chrome browser
[INFO ]2023-12-12 14:35:09.005 [main]Utils-Openeing fireefox browser
[INFO ]2023-12-12 14:35:09.006 [main]Utils-Openeing Chrome browser
[INFO ]2023-12-12 14:35:15.558 [main]Utils-Openeing fireefox browser
[INFO ]2023-12-12 14:35:15.559 [main]Utils-Openeing Chrome browser
[INFO ]2023-12-12 14:35:22.032 [main]Utils-Openeing fireefox browser
[INFO ]2023-12-12 14:35:22.033 [main]Utils-Openeing Chrome browser
[INFO ]2023-12-12 14:35:28.673 [main]Utils-Openeing fireefox browser
[INFO ]2023-12-12 14:35:28.673 [main]Utils-Openeing Chrome browser
[INFO ]2023-12-12 14:35:35.603 [main]Utils-Openeing fireefox browser
[INFO ]2023-12-12 14:35:35.603 [main]Utils-Openeing Chrome browser
[INFO ]2023-12-12 14:35:42.258 [main]Utils-Openeing fireefox browser
[INFO ]2023-12-12 14:35:42.258 [main]Utils-Openeing Chrome browser
[INFO ]2023-12-12 14:35:48.962 [main]Utils-Openeing fireefox browser
[INFO ]2023-12-12 14:35:48.962 [main]Utils-Openeing Chrome browser
[INFO ]2023-12-12 14:36:29.507 [main]Utils-Openeing fireefox browser
[INFO ]2023-12-12 14:36:29.508 [main]Utils-Openeing Chrome browser
[INFO ]2023-12-12 14:38:21.810 [main]Utils-Openeing fireefox browser
[INFO ]2023-12-12 14:38:21.810 [main]Utils-Openeing Chrome browser
[INFO ]2023-12-12 15:33:00.744 [main]Utils-Openeing fireefox browser
[INFO ]2023-12-12 15:33:00.755 [main]Utils-Openeing Chrome browser
[INFO ]2023-12-12 15:33:44.196 [main]Utils-Openeing fireefox browser
[INFO ]2023-12-12 15:33:44.196 [main]Utils-Openeing Chrome browser
[INFO ]2023-12-12 15:34:25.894 [main]Utils-Openeing fireefox browser
[INFO ]2023-12-12 15:34:25.894 [main]Utils-Openeing Chrome browser
[INFO ]2023-12-12 15:35:25.062 [main]Utils-Openeing fireefox browser
[INFO ]2023-12-12 15:35:25.063 [main]Utils-Openeing Chrome browser
[INFO ]2023-12-12 15:35:44.466 [main]Utils-Openeing fireefox browser
[INFO ]2023-12-12 15:35:44.467 [main]Utils-Openeing Chrome browser
[INFO ]2023-12-12 15:37:00.681 [main]Utils-Openeing fireefox browser
[INFO ]2023-12-12 15:37:00.682 [main]Utils-Openeing Chrome browser
[INFO ]2023-12-12 15:37:42.558 [main]Utils-Openeing fireefox browser
[INFO ]2023-12-12 15:37:42.558 [main]Utils-Openeing Chrome browser
[INFO ]2023-12-12 15:38:01.071 [main]Utils-Openeing fireefox browser
[INFO ]2023-12-12 15:38:01.071 [main]Utils-Openeing Chrome browser
[INFO ]2023-12-12 15:38:37.227 [main]Utils-Openeing fireefox browser
[INFO ]2023-12-12 15:38:37.228 [main]Utils-Openeing Chrome browser
[INFO ]2023-12-12 15:38:48.061 [main]Utils-Openeing fireefox browser
[INFO ]2023-12-12 15:38:48.061 [main]Utils-Openeing Chrome browser
[INFO ]2023-12-12 15:39:00.990 [main]Utils-Openeing fireefox browser
[INFO ]2023-12-12 15:39:00.990 [main]Utils-Openeing Chrome browser
[INFO ]2023-12-12 15:39:12.834 [main]Utils-Openeing fireefox browser
[INFO ]2023-12-12 15:39:12.834 [main]Utils-Openeing Chrome browser
[INFO ]2023-12-12 15:39:19.451 [main]Utils-Openeing fireefox browser
[INFO ]2023-12-12 15:39:19.451 [main]Utils-Openeing Chrome browser
[INFO ]2023-12-12 15:39:57.890 [main]Utils-Openeing fireefox browser
[INFO ]2023-12-12 15:39:57.890 [main]Utils-Openeing Chrome browser
[INFO ]2023-12-12 15:40:41.280 [main]Utils-Openeing fireefox browser
[INFO ]2023-12-12 15:40:41.280 [main]Utils-Openeing Chrome browser
[INFO ]2023-12-12 15:42:06.382 [main]Utils-Openeing fireefox browser
[INFO ]2023-12-12 15:42:06.385 [main]Utils-Openeing Chrome browser
[INFO ]2023-12-12 15:42:15.529 [main]Utils-Openeing fireefox browser
[INFO ]2023-12-12 15:42:15.529 [main]Utils-Openeing Chrome browser
[INFO ]2023-12-12 15:43:42.221 [main]Utils-Openeing fireefox browser
[INFO ]2023-12-12 15:43:42.221 [main]Utils-Openeing Chrome browser
[INFO ]2023-12-12 15:43:48.913 [main]Utils-Openeing fireefox browser
[INFO ]2023-12-12 15:43:48.913 [main]Utils-Openeing Chrome browser
[INFO ]2023-12-12 15:45:59.328 [main]Utils-Openeing fireefox browser
[INFO ]2023-12-12 15:45:59.329 [main]Utils-Openeing Chrome browser
[INFO ]2023-12-12 15:46:37.290 [main]Utils-Openeing fireefox browser
[INFO ]2023-12-12 15:46:37.290 [main]Utils-Openeing Chrome browser
[INFO ]2023-12-12 15:46:46.106 [main]Utils-Openeing fireefox browser
[INFO ]2023-12-12 15:46:46.106 [main]Utils-Openeing Chrome browser
[INFO ]2023-12-12 17:13:07.708 [main]Utils-Openeing fireefox browser
[INFO ]2023-12-12 17:13:07.723 [main]Utils-Openeing Chrome browser
[INFO ]2023-12-12 17:14:28.690 [main]Utils-Openeing fireefox browser
[INFO ]2023-12-12 17:14:28.703 [main]Utils-Openeing Chrome browser
[INFO ]2023-12-12 17:14:41.117 [main]Utils-Openeing fireefox browser
[INFO ]2023-12-12 17:14:41.118 [main]Utils-Openeing Chrome browser
[INFO ]2023-12-12 17:14:58.730 [main]Utils-Openeing fireefox browser
[INFO ]2023-12-12 17:14:58.731 [main]Utils-Openeing Chrome browser
[INFO ]2023-12-12 17:15:12.072 [main]Utils-Openeing fireefox browser
[INFO ]2023-12-12 17:15:12.074 [main]Utils-Openeing Chrome browser
[INFO ]2023-12-12 17:15:22.227 [main]Utils-Openeing fireefox browser
[INFO ]2023-12-12 17:15:22.227 [main]Utils-Openeing Chrome browser
[INFO ]2023-12-12 17:17:53.880 [main]Utils-Openeing fireefox browser
[INFO ]2023-12-12 17:17:53.892 [main]Utils-Openeing Chrome browser
[INFO ]2023-12-12 17:18:52.812 [main]Utils-Openeing fireefox browser
[INFO ]2023-12-12 17:18:52.813 [main]Utils-Openeing Chrome browser
[INFO ]2023-12-12 17:19:14.951 [main]Utils-Openeing fireefox browser
[INFO ]2023-12-12 17:19:14.951 [main]Utils-Openeing Chrome browser
[INFO ]2023-12-12 17:20:17.013 [main]Utils-Openeing fireefox browser
[INFO ]2023-12-12 17:20:17.013 [main]Utils-Openeing Chrome browser
[INFO ]2023-12-12 17:20:29.235 [main]Utils-Openeing fireefox browser
[INFO ]2023-12-12 17:20:29.235 [main]Utils-Openeing Chrome browser
[INFO ]2023-12-12 17:20:45.514 [main]Utils-Openeing fireefox browser
[INFO ]2023-12-12 17:20:45.514 [main]Utils-Openeing Chrome browser
[INFO ]2023-12-12 17:21:39.347 [main]Utils-Openeing fireefox browser
[INFO ]2023-12-12 17:21:39.365 [main]Utils-Openeing Chrome browser
[INFO ]2023-12-12 17:21:47.142 [main]Utils-Openeing fireefox browser
[INFO ]2023-12-12 17:21:47.143 [main]Utils-Openeing Chrome browser
[INFO ]2023-12-12 17:21:54.326 [main]Utils-Openeing fireefox browser
[INFO ]2023-12-12 17:21:54.328 [main]Utils-Openeing Chrome browser
[INFO ]2023-12-12 17:22:00.710 [main]Utils-Openeing fireefox browser
[INFO ]2023-12-12 17:22:00.710 [main]Utils-Openeing Chrome browser
[INFO ]2023-12-12 17:22:07.711 [main]Utils-Openeing fireefox browser
[INFO ]2023-12-12 17:22:07.711 [main]Utils-Openeing Chrome browser
[INFO ]2023-12-12 17:22:14.272 [main]Utils-Openeing fireefox browser
[INFO ]2023-12-12 17:22:14.272 [main]Utils-Openeing Chrome browser
[INFO ]2023-12-12 17:22:21.444 [main]Utils-Openeing fireefox browser
[INFO ]2023-12-12 17:22:21.444 [main]Utils-Openeing Chrome browser
[INFO ]2023-12-12 17:22:28.301 [main]Utils-Openeing fireefox browser
[INFO ]2023-12-12 17:22:28.302 [main]Utils-Openeing Chrome browser
[INFO ]2023-12-12 17:22:36.244 [main]Utils-Openeing fireefox browser
[INFO ]2023-12-12 17:22:36.245 [main]Utils-Openeing Chrome browser
[INFO ]2023-12-12 17:25:47.596 [main]Utils-Openeing fireefox browser
[INFO ]2023-12-12 17:25:47.596 [main]Utils-Openeing Chrome browser
[INFO ]2023-12-12 17:25:57.018 [main]Utils-Openeing fireefox browser
[INFO ]2023-12-12 17:25:57.018 [main]Utils-Openeing Chrome browser
[INFO ]2023-12-12 17:26:06.793 [main]Utils-Openeing fireefox browser
[INFO ]2023-12-12 17:26:06.794 [main]Utils-Openeing Chrome browser
[INFO ]2023-12-12 17:29:02.555 [main]Utils-Openeing fireefox browser
[INFO ]2023-12-12 17:29:02.562 [main]Utils-Openeing Chrome browser
[INFO ]2023-12-12 17:30:13.686 [main]Utils-Openeing fireefox browser
[INFO ]2023-12-12 17:30:13.686 [main]Utils-Openeing Chrome browser
[INFO ]2023-12-12 17:30:24.829 [main]Utils-Openeing fireefox browser
[INFO ]2023-12-12 17:30:24.830 [main]Utils-Openeing Chrome browser
[INFO ]2023-12-12 17:34:08.881 [main]Utils-Openeing fireefox browser
[INFO ]2023-12-12 17:34:08.881 [main]Utils-Openeing Chrome browser
[INFO ]2023-12-12 17:34:17.644 [main]Utils-Openeing fireefox browser
[INFO ]2023-12-12 17:34:17.644 [main]Utils-Openeing Chrome browser
[INFO ]2023-12-12 17:36:35.916 [main]Utils-Openeing fireefox browser
[INFO ]2023-12-12 17:36:35.917 [main]Utils-Openeing Chrome browser
[INFO ]2023-12-12 17:36:56.680 [main]Utils-Openeing fireefox browser
[INFO ]2023-12-12 17:36:56.680 [main]Utils-Openeing Chrome browser
[INFO ]2023-12-12 17:37:14.132 [main]Utils-Openeing fireefox browser
[INFO ]2023-12-12 17:37:14.132 [main]Utils-Openeing Chrome browser
[INFO ]2023-12-12 17:39:05.240 [main]Utils-Openeing fireefox browser
[INFO ]2023-12-12 17:39:05.240 [main]Utils-Openeing Chrome browser
[INFO ]2023-12-12 17:39:45.014 [main]Utils-Openeing fireefox browser
[INFO ]2023-12-12 17:39:45.015 [main]Utils-Openeing Chrome browser
[INFO ]2023-12-12 17:39:52.869 [main]Utils-Openeing fireefox browser
[INFO ]2023-12-12 17:39:52.869 [main]Utils-Openeing Chrome browser
[INFO ]2023-12-12 17:40:11.295 [main]Utils-Openeing fireefox browser
[INFO ]2023-12-12 17:40:11.295 [main]Utils-Openeing Chrome browser
[INFO ]2023-12-12 17:40:18.837 [main]Utils-Openeing fireefox browser
[INFO ]2023-12-12 17:40:18.837 [main]Utils-Openeing Chrome browser
[INFO ]2023-12-12 17:40:27.129 [main]Utils-Openeing fireefox browser
[INFO ]2023-12-12 17:40:27.130 [main]Utils-Openeing Chrome browser
[INFO ]2023-12-12 17:40:36.260 [main]Utils-Openeing fireefox browser
[INFO ]2023-12-12 17:40:36.260 [main]Utils-Openeing Chrome browser
[INFO ]2023-12-12 17:40:48.773 [main]Utils-Openeing fireefox browser
[INFO ]2023-12-12 17:40:48.773 [main]Utils-Openeing Chrome browser
[INFO ]2023-12-12 17:41:25.701 [main]Utils-Openeing fireefox browser
[INFO ]2023-12-12 17:41:25.701 [main]Utils-Openeing Chrome browser
[INFO ]2023-12-12 17:41:35.788 [main]Utils-Openeing fireefox browser
[INFO ]2023-12-12 17:41:35.789 [main]Utils-Openeing Chrome browser
[INFO ]2023-12-12 17:41:47.340 [main]Utils-Openeing fireefox browser
[INFO ]2023-12-12 17:41:47.340 [main]Utils-Openeing Chrome browser
[INFO ]2023-12-12 17:42:04.858 [main]Utils-Openeing fireefox browser
[INFO ]2023-12-12 17:42:04.858 [main]Utils-Openeing Chrome browser
[INFO ]2023-12-12 17:42:14.938 [main]Utils-Openeing fireefox browser
[INFO ]2023-12-12 17:42:14.938 [main]Utils-Openeing Chrome browser
[INFO ]2023-12-12 17:42:24.463 [main]Utils-Openeing fireefox browser
[INFO ]2023-12-12 17:42:24.463 [main]Utils-Openeing Chrome browser
[INFO ]2023-12-12 17:54:46.173 [main]Utils-Openeing fireefox browser
[INFO ]2023-12-12 17:54:46.184 [main]Utils-Openeing Chrome browser
[INFO ]2023-12-12 17:54:58.376 [main]Utils-Openeing fireefox browser
[INFO ]2023-12-12 17:54:58.376 [main]Utils-Openeing Chrome browser
[INFO ]2023-12-12 17:55:11.931 [main]Utils-Openeing fireefox browser
[INFO ]2023-12-12 17:55:11.931 [main]Utils-Openeing Chrome browser
[INFO ]2023-12-12 17:55:22.322 [main]Utils-Openeing fireefox browser
[INFO ]2023-12-12 17:55:22.324 [main]Utils-Openeing Chrome browser
[INFO ]2023-12-12 17:55:31.202 [main]Utils-Openeing fireefox browser
[INFO ]2023-12-12 17:55:31.202 [main]Utils-Openeing Chrome browser
[INFO ]2023-12-12 17:56:24.591 [main]Utils-Openeing fireefox browser
[INFO ]2023-12-12 17:56:24.592 [main]Utils-Openeing Chrome browser
[INFO ]2023-12-12 17:57:05.553 [main]Utils-Openeing fireefox browser
[INFO ]2023-12-12 17:57:05.553 [main]Utils-Openeing Chrome browser
[INFO ]2023-12-12 17:57:16.873 [main]Utils-Openeing fireefox browser
[INFO ]2023-12-12 17:57:16.873 [main]Utils-Openeing Chrome browser
[INFO ]2023-12-12 17:58:02.407 [main]Utils-Openeing fireefox browser
[INFO ]2023-12-12 17:58:02.407 [main]Utils-Openeing Chrome browser
[INFO ]2023-12-12 17:58:47.944 [main]Utils-Openeing fireefox browser
[INFO ]2023-12-12 17:58:47.944 [main]Utils-Openeing Chrome browser
[INFO ]2023-12-12 17:58:55.945 [main]Utils-Openeing fireefox browser
[INFO ]2023-12-12 17:58:55.945 [main]Utils-Openeing Chrome browser
[INFO ]2023-12-12 17:59:05.195 [main]Utils-Openeing fireefox browser
[INFO ]2023-12-12 17:59:05.195 [main]Utils-Openeing Chrome browser
[INFO ]2023-12-12 17:59:12.682 [main]Utils-Openeing fireefox browser
[INFO ]2023-12-12 17:59:12.682 [main]Utils-Openeing Chrome browser
[INFO ]2023-12-12 17:59:22.083 [main]Utils-Openeing fireefox browser
[INFO ]2023-12-12 17:59:22.083 [main]Utils-Openeing Chrome browser
[INFO ]2023-12-12 17:59:34.372 [main]Utils-Openeing fireefox browser
[INFO ]2023-12-12 17:59:34.372 [main]Utils-Openeing Chrome browser
[INFO ]2023-12-12 17:59:42.131 [main]Utils-Openeing fireefox browser
[INFO ]2023-12-12 17:59:42.132 [main]Utils-Openeing Chrome browser
[INFO ]2023-12-12 18:00:17.357 [main]Utils-Openeing fireefox browser
[INFO ]2023-12-12 18:00:17.357 [main]Utils-Openeing Chrome browser
[INFO ]2023-12-12 18:00:26.171 [main]Utils-Openeing fireefox browser
[INFO ]2023-12-12 18:00:26.171 [main]Utils-Openeing Chrome browser
[INFO ]2023-12-12 18:00:36.759 [main]Utils-Openeing fireefox browser
[INFO ]2023-12-12 18:00:36.759 [main]Utils-Openeing Chrome browser
[INFO ]2023-12-12 18:00:45.345 [main]Utils-Openeing fireefox browser
[INFO ]2023-12-12 18:00:45.346 [main]Utils-Openeing Chrome browser
[INFO ]2023-12-12 18:00:54.128 [main]Utils-Openeing fireefox browser
[INFO ]2023-12-12 18:00:54.128 [main]Utils-Openeing Chrome browser
[INFO ]2023-12-12 18:01:03.206 [main]Utils-Openeing fireefox browser
[INFO ]2023-12-12 18:01:03.206 [main]Utils-Openeing Chrome browser
[INFO ]2023-12-12 18:13:00.974 [main]Utils-Openeing fireefox browser
[INFO ]2023-12-12 18:13:00.985 [main]Utils-Openeing Chrome browser
[INFO ]2023-12-12 18:13:12.080 [main]Utils-Openeing fireefox browser
[INFO ]2023-12-12 18:13:12.080 [main]Utils-Openeing Chrome browser
[INFO ]2023-12-12 18:13:25.452 [main]Utils-Openeing fireefox browser
[INFO ]2023-12-12 18:13:25.453 [main]Utils-Openeing Chrome browser
[INFO ]2023-12-12 18:13:39.797 [main]Utils-Openeing fireefox browser
[INFO ]2023-12-12 18:13:39.798 [main]Utils-Openeing Chrome browser
[INFO ]2023-12-12 18:13:53.710 [main]Utils-Openeing fireefox browser
[INFO ]2023-12-12 18:13:53.710 [main]Utils-Openeing Chrome browser
[INFO ]2023-12-12 18:14:39.765 [main]Utils-Openeing fireefox browser
[INFO ]2023-12-12 18:14:39.765 [main]Utils-Openeing Chrome browser
[INFO ]2023-12-12 18:16:36.337 [main]Utils-Openeing fireefox browser
[INFO ]2023-12-12 18:16:36.337 [main]Utils-Openeing Chrome browser
[INFO ]2023-12-12 18:16:48.715 [main]Utils-Openeing fireefox browser
[INFO ]2023-12-12 18:16:48.715 [main]Utils-Openeing Chrome browser
[INFO ]2023-12-12 18:17:02.086 [main]Utils-Openeing fireefox browser
[INFO ]2023-12-12 18:17:02.086 [main]Utils-Openeing Chrome browser
[INFO ]2023-12-12 18:19:29.973 [main]Utils-Openeing fireefox browser
[INFO ]2023-12-12 18:19:29.973 [main]Utils-Openeing Chrome browser
[INFO ]2023-12-12 18:19:38.116 [main]Utils-Openeing fireefox browser
[INFO ]2023-12-12 18:19:38.117 [main]Utils-Openeing Chrome browser
[INFO ]2023-12-12 18:20:15.043 [main]Utils-Openeing fireefox browser
[INFO ]2023-12-12 18:20:15.043 [main]Utils-Openeing Chrome browser
[INFO ]2023-12-12 18:20:25.996 [main]Utils-Openeing fireefox browser
[INFO ]2023-12-12 18:20:26.005 [main]Utils-Openeing Chrome browser
[INFO ]2023-12-12 18:20:35.790 [main]Utils-Openeing fireefox browser
[INFO ]2023-12-12 18:20:35.791 [main]Utils-Openeing Chrome browser
[INFO ]2023-12-12 18:20:39.929 [main]Utils-Openeing fireefox browser
[INFO ]2023-12-12 18:20:39.930 [main]Utils-Openeing Chrome browser
[INFO ]2023-12-12 18:20:42.425 [main]Utils-Openeing fireefox browser
[INFO ]2023-12-12 18:20:42.425 [main]Utils-Openeing Chrome browser
[INFO ]2023-12-12 18:22:18.430 [main]Utils-Openeing fireefox browser
[INFO ]2023-12-12 18:22:18.446 [main]Utils-Openeing Chrome browser
[INFO ]2023-12-12 18:22:30.751 [main]Utils-Openeing fireefox browser
[INFO ]2023-12-12 18:22:30.751 [main]Utils-Openeing Chrome browser
[INFO ]2023-12-12 18:22:39.378 [main]Utils-Openeing fireefox browser
[INFO ]2023-12-12 18:22:39.379 [main]Utils-Openeing Chrome browser
[INFO ]2023-12-12 18:22:49.561 [main]Utils-Openeing fireefox browser
[INFO ]2023-12-12 18:22:49.561 [main]Utils-Openeing Chrome browser
[INFO ]2023-12-12 18:22:57.147 [main]Utils-Openeing fireefox browser
[INFO ]2023-12-12 18:22:57.147 [main]Utils-Openeing Chrome browser
[INFO ]2023-12-12 18:24:42.106 [main]Utils-Openeing fireefox browser
[INFO ]2023-12-12 18:24:42.107 [main]Utils-Openeing Chrome browser
[INFO ]2023-12-12 18:25:03.528 [main]Utils-Openeing fireefox browser
[INFO ]2023-12-12 18:25:03.528 [main]Utils-Openeing Chrome browser
[INFO ]2023-12-12 18:25:13.160 [main]Utils-Openeing fireefox browser
[INFO ]2023-12-12 18:25:13.161 [main]Utils-Openeing Chrome browser
[INFO ]2023-12-12 18:25:29.206 [main]Utils-Openeing fireefox browser
[INFO ]2023-12-12 18:25:29.207 [main]Utils-Openeing Chrome browser
[INFO ]2023-12-12 18:25:41.493 [main]Utils-Openeing fireefox browser
[INFO ]2023-12-12 18:25:41.493 [main]Utils-Openeing Chrome browser
[INFO ]2023-12-12 18:26:01.722 [main]Utils-Openeing fireefox browser
[INFO ]2023-12-12 18:26:01.722 [main]Utils-Openeing Chrome browser
[INFO ]2023-12-12 18:26:07.886 [main]Utils-Openeing fireefox browser
[INFO ]2023-12-12 18:26:07.887 [main]Utils-Openeing Chrome browser
[INFO ]2023-12-12 18:26:15.358 [main]Utils-Openeing fireefox browser
[INFO ]2023-12-12 18:26:15.358 [main]Utils-Openeing Chrome browser
[INFO ]2023-12-12 18:26:22.705 [main]Utils-Openeing fireefox browser
[INFO ]2023-12-12 18:26:22.705 [main]Utils-Openeing Chrome browser
[INFO ]2023-12-12 18:26:31.907 [main]Utils-Openeing fireefox browser
[INFO ]2023-12-12 18:26:31.908 [main]Utils-Openeing Chrome browser
[INFO ]2023-12-12 18:26:39.493 [main]Utils-Openeing fireefox browser
[INFO ]2023-12-12 18:26:39.494 [main]Utils-Openeing Chrome browser
[INFO ]2023-12-12 18:27:15.957 [main]Utils-Openeing fireefox browser
[INFO ]2023-12-12 18:27:15.957 [main]Utils-Openeing Chrome browser
[INFO ]2023-12-12 18:27:23.389 [main]Utils-Openeing fireefox browser
[INFO ]2023-12-12 18:27:23.389 [main]Utils-Openeing Chrome browser
[INFO ]2023-12-12 18:27:33.162 [main]Utils-Openeing fireefox browser
[INFO ]2023-12-12 18:27:33.163 [main]Utils-Openeing Chrome browser
[INFO ]2023-12-12 18:27:42.464 [main]Utils-Openeing fireefox browser
[INFO ]2023-12-12 18:27:42.464 [main]Utils-Openeing Chrome browser
[INFO ]2023-12-12 18:28:36.374 [main]Utils-Openeing fireefox browser
[INFO ]2023-12-12 18:28:36.375 [main]Utils-Openeing Chrome browser
[INFO ]2023-12-12 18:28:52.252 [main]Utils-Openeing fireefox browser
[INFO ]2023-12-12 18:28:52.252 [main]Utils-Openeing Chrome browser
[INFO ]2023-12-12 20:58:29.744 [main]Utils-Openeing fireefox browser
[INFO ]2023-12-12 20:58:29.753 [main]Utils-Openeing Chrome browser
[INFO ]2023-12-12 21:38:55.897 [main]Utils-Openeing fireefox browser
[INFO ]2023-12-12 21:38:55.907 [main]Utils-Openeing Chrome browser
[INFO ]2023-12-12 21:39:09.716 [main]Utils-Openeing fireefox browser
[INFO ]2023-12-12 21:39:09.716 [main]Utils-Openeing Chrome browser
[INFO ]2023-12-12 21:47:28.302 [main]Utils-Openeing fireefox browser
[INFO ]2023-12-12 21:47:28.311 [main]Utils-Openeing Chrome browser
[INFO ]2023-12-12 21:48:10.593 [main]Utils-Openeing fireefox browser
[INFO ]2023-12-12 21:48:10.600 [main]Utils-Openeing Chrome browser
[INFO ]2023-12-12 21:48:35.384 [main]Utils-Openeing fireefox browser
[INFO ]2023-12-12 21:48:35.385 [main]Utils-Openeing Chrome browser
[INFO ]2023-12-12 21:49:36.005 [main]Utils-Openeing fireefox browser
[INFO ]2023-12-12 21:49:36.005 [main]Utils-Openeing Chrome browser
[INFO ]2023-12-12 21:49:47.853 [main]Utils-Openeing fireefox browser
[INFO ]2023-12-12 21:49:47.854 [main]Utils-Openeing Chrome browser
[INFO ]2023-12-12 21:49:57.758 [main]Utils-Openeing fireefox browser
[INFO ]2023-12-12 21:49:57.758 [main]Utils-Openeing Chrome browser
[INFO ]2023-12-12 21:50:18.886 [main]Utils-Openeing fireefox browser
[INFO ]2023-12-12 21:50:18.887 [main]Utils-Openeing Chrome browser
[INFO ]2023-12-12 21:50:34.080 [main]Utils-Openeing fireefox browser
[INFO ]2023-12-12 21:50:34.081 [main]Utils-Openeing Chrome browser
[INFO ]2023-12-12 21:50:56.697 [main]Utils-Openeing fireefox browser
[INFO ]2023-12-12 21:50:56.698 [main]Utils-Openeing Chrome browser
[INFO ]2023-12-12 21:51:57.849 [main]Utils-Openeing fireefox browser
[INFO ]2023-12-12 21:51:57.850 [main]Utils-Openeing Chrome browser
[INFO ]2023-12-12 21:52:03.883 [main]Utils-Openeing fireefox browser
[INFO ]2023-12-12 21:52:03.885 [main]Utils-Openeing Chrome browser
[INFO ]2023-12-12 21:52:12.376 [main]Utils-Openeing fireefox browser
[INFO ]2023-12-12 21:52:12.377 [main]Utils-Openeing Chrome browser
[INFO ]2023-12-12 21:52:23.298 [main]Utils-Openeing fireefox browser
[INFO ]2023-12-12 21:52:23.299 [main]Utils-Openeing Chrome browser
[INFO ]2023-12-12 21:52:32.495 [main]Utils-Openeing fireefox browser
[INFO ]2023-12-12 21:52:32.496 [main]Utils-Openeing Chrome browser
[INFO ]2023-12-12 21:52:42.025 [main]Utils-Openeing fireefox browser
[INFO ]2023-12-12 21:52:42.025 [main]Utils-Openeing Chrome browser
[INFO ]2023-12-12 21:55:15.238 [main]Utils-Openeing fireefox browser
[INFO ]2023-12-12 21:55:15.239 [main]Utils-Openeing Chrome browser
[INFO ]2023-12-12 21:56:21.403 [main]Utils-Openeing fireefox browser
[INFO ]2023-12-12 21:56:21.404 [main]Utils-Openeing Chrome browser
[INFO ]2023-12-12 21:56:33.144 [main]Utils-Openeing fireefox browser
[INFO ]2023-12-12 21:56:33.144 [main]Utils-Openeing Chrome browser
[INFO ]2023-12-12 21:57:26.184 [main]Utils-Openeing fireefox browser
[INFO ]2023-12-12 21:57:26.184 [main]Utils-Openeing Chrome browser
[INFO ]2023-12-12 21:57:33.958 [main]Utils-Openeing fireefox browser
[INFO ]2023-12-12 21:57:33.958 [main]Utils-Openeing Chrome browser
[INFO ]2023-12-12 21:57:41.359 [main]Utils-Openeing fireefox browser
[INFO ]2023-12-12 21:57:41.359 [main]Utils-Openeing Chrome browser
[INFO ]2023-12-12 22:01:02.172 [main]Utils-Openeing fireefox browser
[INFO ]2023-12-12 22:01:02.172 [main]Utils-Openeing Chrome browser
[INFO ]2023-12-12 22:24:06.917 [main]Utils-Openeing fireefox browser
[INFO ]2023-12-12 22:24:06.931 [main]Utils-Openeing Chrome browser
[INFO ]2023-12-12 22:24:40.665 [main]Utils-Openeing fireefox browser
[INFO ]2023-12-12 22:24:40.665 [main]Utils-Openeing Chrome browser
[INFO ]2023-12-12 22:24:53.224 [main]Utils-Openeing fireefox browser
[INFO ]2023-12-12 22:24:53.224 [main]Utils-Openeing Chrome browser
[INFO ]2023-12-12 22:26:34.693 [main]Utils-Openeing fireefox browser
[INFO ]2023-12-12 22:26:34.694 [main]Utils-Openeing Chrome browser
[INFO ]2023-12-12 22:28:13.790 [main]Utils-Openeing fireefox browser
[INFO ]2023-12-12 22:28:13.791 [main]Utils-Openeing Chrome browser
[INFO ]2023-12-12 22:28:21.594 [main]Utils-Openeing fireefox browser
[INFO ]2023-12-12 22:28:21.594 [main]Utils-Openeing Chrome browser
[INFO ]2023-12-12 22:28:40.128 [main]Utils-Openeing fireefox browser
[INFO ]2023-12-12 22:28:40.128 [main]Utils-Openeing Chrome browser
[INFO ]2023-12-12 22:30:28.246 [main]Utils-Openeing fireefox browser
[INFO ]2023-12-12 22:30:28.247 [main]Utils-Openeing Chrome browser
[INFO ]2023-12-12 22:30:44.824 [main]Utils-Openeing fireefox browser
[INFO ]2023-12-12 22:30:44.824 [main]Utils-Openeing Chrome browser
[INFO ]2023-12-12 22:31:33.398 [main]Utils-Openeing fireefox browser
[INFO ]2023-12-12 22:31:33.398 [main]Utils-Openeing Chrome browser
[INFO ]2023-12-12 22:32:08.544 [main]Utils-Openeing fireefox browser
[INFO ]2023-12-12 22:32:08.545 [main]Utils-Openeing Chrome browser
[INFO ]2023-12-12 22:32:33.960 [main]Utils-Openeing fireefox browser
[INFO ]2023-12-12 22:32:33.961 [main]Utils-Openeing Chrome browser
[INFO ]2023-12-12 22:32:41.370 [main]Utils-Openeing fireefox browser
[INFO ]2023-12-12 22:32:41.370 [main]Utils-Openeing Chrome browser
[INFO ]2023-12-12 22:32:47.118 [main]Utils-Openeing fireefox browser
[INFO ]2023-12-12 22:32:47.118 [main]Utils-Openeing Chrome browser
[INFO ]2023-12-12 22:32:56.648 [main]Utils-Openeing fireefox browser
[INFO ]2023-12-12 22:32:56.648 [main]Utils-Openeing Chrome browser
[INFO ]2023-12-12 22:33:16.784 [main]Utils-Openeing fireefox browser
[INFO ]2023-12-12 22:33:16.785 [main]Utils-Openeing Chrome browser
[INFO ]2023-12-12 22:33:25.495 [main]Utils-Openeing fireefox browser
[INFO ]2023-12-12 22:33:25.496 [main]Utils-Openeing Chrome browser
[INFO ]2023-12-12 22:33:40.184 [main]Utils-Openeing fireefox browser
[INFO ]2023-12-12 22:33:40.184 [main]Utils-Openeing Chrome browser
[INFO ]2023-12-12 22:34:14.796 [main]Utils-Openeing fireefox browser
[INFO ]2023-12-12 22:34:14.796 [main]Utils-Openeing Chrome browser
